<?xml version="1.0" encoding="UTF-8"?>
<!-- Generated by org.testng.reporters.JUnitXMLReporter -->
<testsuite hostname="NTINDSK1100564" name="Test1" tests="7" failures="1" timestamp="13 Nov 2019 05:43:19 GMT" time="41.635" errors="0">
  <testcase name="abc" time="0.286" classname="Misc.NSEIndia"/>
  <testcase name="aaa" time="9.619" classname="Misc.NSEIndia">
    <failure type="java.io.FileNotFoundException" message="C:\Users\dhanrajsingh.thakare\workspace\SeleniumChallenge\src\main\java\utilities\testData2.xlsx (The system cannot find the file specified)">
      <![CDATA[java.io.FileNotFoundException: C:\Users\dhanrajsingh.thakare\workspace\SeleniumChallenge\src\main\java\utilities\testData2.xlsx (The system cannot find the file specified)
	at java.io.FileInputStream.open0(Native Method)
	at java.io.FileInputStream.open(Unknown Source)
	at java.io.FileInputStream.<init>(Unknown Source)
	at java.io.FileInputStream.<init>(Unknown Source)
	at utilities.readExcel.addExcelSheet(readExcel.java:65)
	at Misc.NSEIndia.aaa(NSEIndia.java:41)
... Removed 24 stack frames]]>
    </failure>
  </testcase> <!-- aaa -->
  <testcase name="bbb" time="0.0" classname="Misc.NSEIndia"/>
  <testcase name="dataMultiple" time="6.135" classname="Misc.NSEIndia"/>
  <testcase name="dataMultiple" time="6.024" classname="Misc.NSEIndia"/>
  <testcase name="dataMultiple" time="6.122" classname="Misc.NSEIndia"/>
  <testcase name="dataMultiple" time="5.921" classname="Misc.NSEIndia"/>
</testsuite> <!-- Test1 -->
